<?xml version="1.0" encoding="UTF-8"?>
<!-- Generated by org.testng.reporters.JUnitReportReporter -->
<testsuite skipped="0" hostname="Suman" name="packageTest.AnnotationsTest" tests="1" failures="0" timestamp="03 Jun 2019 15:11:20 GMT" time="0.013" errors="0">
  <testcase name="sample" time="0.013" classname="packageTest.AnnotationsTest"/>
</testsuite> <!-- packageTest.AnnotationsTest -->
