<?xml version="1.0" encoding="UTF-8"?>
<!-- Generated by org.testng.reporters.JUnitReportReporter -->
<testsuite skipped="0" hostname="Suman" name="packageTest.NewTest" tests="3" failures="0" timestamp="02 Jun 2019 17:50:24 GMT" time="0.020" errors="0">
  <testcase name="dummy" time="0.005" classname="packageTest.NewTest"/>
  <testcase name="demo" time="0.001" classname="packageTest.NewTest"/>
  <testcase name="prototype" time="0.014" classname="packageTest.NewTest"/>
</testsuite> <!-- packageTest.NewTest -->
