<?xml version="1.0" encoding="UTF-8"?>
<!-- Generated by org.testng.reporters.JUnitReportReporter -->
<testsuite skipped="0" hostname="Suman" name="packageTest.ActiTimeTest" tests="3" failures="0" timestamp="05 Jun 2019 10:20:52 GMT" time="28.545" errors="0">
  <testcase name="validLogin" time="8.330" classname="packageTest.ActiTimeTest"/>
  <testcase name="invalidLogin" time="4.524" classname="packageTest.ActiTimeTest"/>
  <testcase name="createCustomer" time="15.691" classname="packageTest.ActiTimeTest"/>
</testsuite> <!-- packageTest.ActiTimeTest -->
