<?xml version="1.0" encoding="UTF-8"?>
<!-- Generated by org.testng.reporters.JUnitReportReporter -->
<testsuite skipped="0" hostname="Suman" name="packageTest.DemoTest" tests="3" failures="0" timestamp="09 Jun 2019 05:14:48 GMT" time="0.012" errors="0">
  <testcase name="dataTest" time="0.010" classname="packageTest.DemoTest"/>
  <testcase name="demo" time="0.001" classname="packageTest.DemoTest"/>
  <testcase name="dataTest" time="0.001" classname="packageTest.DemoTest"/>
</testsuite> <!-- packageTest.DemoTest -->
