<?xml version="1.0" encoding="UTF-8"?>
<!-- Generated by org.testng.reporters.JUnitReportReporter -->
<testsuite skipped="0" hostname="Suman" name="packageTest.DataProviderTest" tests="3" failures="0" timestamp="09 Jun 2019 04:58:51 GMT" time="0.010" errors="0">
  <testcase name="dataTest" time="0.000" classname="packageTest.DataProviderTest"/>
  <testcase name="dataTest" time="0.001" classname="packageTest.DataProviderTest"/>
  <testcase name="dataTest" time="0.009" classname="packageTest.DataProviderTest"/>
</testsuite> <!-- packageTest.DataProviderTest -->
