<?xml version="1.0" encoding="UTF-8"?>
<!-- Generated by org.testng.reporters.JUnitReportReporter -->
<testsuite skipped="0" hostname="Suman" name="packageTest.YTest" tests="2" failures="0" timestamp="08 Jun 2019 16:36:13 GMT" time="0.004" errors="0">
  <testcase name="y2" time="0.002" classname="packageTest.YTest"/>
  <testcase name="y1" time="0.002" classname="packageTest.YTest"/>
</testsuite> <!-- packageTest.YTest -->
