<?xml version="1.0" encoding="UTF-8"?>
<!-- Generated by org.testng.reporters.JUnitReportReporter -->
<testsuite skipped="0" hostname="Suman" name="packageTest.XTest" tests="2" failures="0" timestamp="08 Jun 2019 16:36:13 GMT" time="0.013" errors="0">
  <testcase name="x2" time="0.001" classname="packageTest.XTest"/>
  <testcase name="x1" time="0.012" classname="packageTest.XTest"/>
</testsuite> <!-- packageTest.XTest -->
