<?xml version="1.0" encoding="UTF-8"?>
<!-- Generated by org.testng.reporters.JUnitReportReporter -->
<testsuite skipped="0" hostname="Suman" name="packageTest.ActiTimeScenarioTest" tests="3" failures="0" timestamp="09 Jun 2019 03:37:47 GMT" time="9.404" errors="0">
  <testcase name="createNewProject" time="5.140" classname="packageTest.ActiTimeScenarioTest"/>
  <testcase name="validLogin" time="1.866" classname="packageTest.ActiTimeScenarioTest"/>
  <testcase name="createNewCustomer" time="2.398" classname="packageTest.ActiTimeScenarioTest"/>
</testsuite> <!-- packageTest.ActiTimeScenarioTest -->
