<?xml version="1.0" encoding="UTF-8"?>
<!-- Generated by org.testng.reporters.JUnitReportReporter -->
<testsuite skipped="0" hostname="Suman" name="packageTest.ParallelTest" tests="2" failures="0" timestamp="09 Jun 2019 08:39:33 GMT" time="56.583" errors="0">
  <testcase name="login" time="9.607" classname="packageTest.ParallelTest"/>
  <testcase name="login" time="46.976" classname="packageTest.ParallelTest"/>
</testsuite> <!-- packageTest.ParallelTest -->
