<?xml version="1.0" encoding="UTF-8"?>
<!-- Generated by org.testng.reporters.JUnitReportReporter -->
<testsuite skipped="0" hostname="Suman" name="packageTest.OldTest" tests="1" failures="0" timestamp="03 Jun 2019 15:06:04 GMT" time="0.036" errors="0">
  <testcase name="dummy" time="0.036" classname="packageTest.OldTest"/>
</testsuite> <!-- packageTest.OldTest -->
