<?xml version="1.0" encoding="UTF-8"?>
<!-- Generated by org.testng.reporters.JUnitReportReporter -->
<testsuite skipped="0" hostname="Suman" name="packageTest.GroupExecutionTest" tests="1" failures="0" timestamp="09 Jun 2019 04:06:12 GMT" time="0.013" errors="0">
  <testcase name="createNewCustomer" time="0.013" classname="packageTest.GroupExecutionTest"/>
</testsuite> <!-- packageTest.GroupExecutionTest -->
